<?xml version="1.0" encoding="UTF-8" ?>
<testsuite tests="5" failures="0" name="pl.sda.jpatraining.LambdasTest" time="0.076" errors="0" skipped="2">
  <properties>
[...]
</properties>
  <testcase classname="pl.sda.jpatraining.LambdasTest" name="stateTest" time="0.055">
    <skipped/>
  </testcase>
  <testcase classname="pl.sda.jpatraining.LambdasTest" name="calculatorTest" time="0.002"/>
  <testcase classname="pl.sda.jpatraining.LambdasTest" name="name" time="0.001"/>
  <testcase classname="pl.sda.jpatraining.LambdasTest" name="check" time="0.001">
    <skipped/>
  </testcase>
  <testcase classname="pl.sda.jpatraining.LambdasTest" name="lambdasInStream" time="0.017"/>
</testsuite>